[debug] [2020-06-08T20:59:03.517Z] ----------------------------------------------------------------------
[debug] [2020-06-08T20:59:03.519Z] Command:       C:\Program Files\nodejs\node.exe C:\Users\ruala\AppData\Roaming\npm\node_modules\firebase-tools\lib\bin\firebase.js init
[debug] [2020-06-08T20:59:03.519Z] CLI Version:   8.4.0
[debug] [2020-06-08T20:59:03.519Z] Platform:      win32
[debug] [2020-06-08T20:59:03.519Z] Node Version:  v10.14.2
[debug] [2020-06-08T20:59:03.521Z] Time:          Tue Jun 09 2020 00:59:03 GMT+0400 (Armenia Standard Time)
[debug] [2020-06-08T20:59:03.521Z] ----------------------------------------------------------------------
[debug] [2020-06-08T20:59:03.521Z] 
[debug] [2020-06-08T20:59:03.583Z] > command requires scopes: ["email","openid","https://www.googleapis.com/auth/cloudplatformprojects.readonly","https://www.googleapis.com/auth/firebase","https://www.googleapis.com/auth/cloud-platform"]
[debug] [2020-06-08T20:59:03.583Z] > authorizing via signed-in user
[info] 
     ######## #### ########  ######## ########     ###     ######  ########
     ##        ##  ##     ## ##       ##     ##  ##   ##  ##       ##
     ######    ##  ########  ######   ########  #########  ######  ######
     ##        ##  ##    ##  ##       ##     ## ##     ##       ## ##
     ##       #### ##     ## ######## ########  ##     ##  ######  ########

You're about to initialize a Firebase project in this directory:

  C:\Users\ruala\Desktop\ASahak\my-cv\a-portfolio

Before we get started, keep in mind:

  * You are initializing in an existing Firebase project directory

